#
# There is insufficient memory for the Java Runtime Environment to continue.
# Native memory allocation (malloc) failed to allocate 32744 bytes for ChunkPool::allocate
# Possible reasons:
#   The system is out of physical RAM or swap space
#   In 32 bit mode, the process size limit was hit
# Possible solutions:
#   Reduce memory load on the system
#   Increase physical memory or swap space
#   Check if swap backing store is full
#   Use 64 bit Java on a 64 bit OS
#   Decrease Java heap size (-Xmx/-Xms)
#   Decrease number of Java threads
#   Decrease Java thread stack sizes (-Xss)
#   Set larger code cache with -XX:ReservedCodeCacheSize=
# This output file may be truncated or incomplete.
#
#  Out of Memory Error (allocation.cpp:273), pid=9652, tid=0x0000000000003098
#
# JRE version: Java(TM) SE Runtime Environment (8.0_131-b11) (build 1.8.0_131-b11)
# Java VM: Java HotSpot(TM) 64-Bit Server VM (25.131-b11 mixed mode windows-amd64 compressed oops)
# Failed to write core dump. Minidumps are not enabled by default on client versions of Windows
#

---------------  T H R E A D  ---------------

Current thread (0x0000000013486000):  JavaThread "C1 CompilerThread2" daemon [_thread_in_native, id=12440, stack(0x0000000014cd0000,0x0000000014dd0000)]

Stack: [0x0000000014cd0000,0x0000000014dd0000]
[error occurred during error reporting (printing stack bounds), id 0xc0000005]

Native frames: (J=compiled Java code, j=interpreted, Vv=VM code, C=native code)


Current CompileTask:
C1:     98   52       3       java.util.HashMap::putVal (300 bytes)


---------------  P R O C E S S  ---------------

Java Threads: ( => current thread )
  0x00000000134dc000 JavaThread "Service Thread" daemon [_thread_blocked, id=3168, stack(0x00000000151d0000,0x00000000152d0000)]
=>0x0000000013486000 JavaThread "C1 CompilerThread2" daemon [_thread_in_native, id=12440, stack(0x0000000014cd0000,0x0000000014dd0000)]
  0x0000000013483000 JavaThread "C2 CompilerThread1" daemon [_thread_blocked, id=13860, stack(0x0000000014bd0000,0x0000000014cd0000)]
  0x0000000013480000 JavaThread "C2 CompilerThread0" daemon [_thread_blocked, id=12404, stack(0x0000000014ad0000,0x0000000014bd0000)]
  0x000000001347e800 JavaThread "Attach Listener" daemon [_thread_blocked, id=5680, stack(0x00000000149d0000,0x0000000014ad0000)]
  0x000000001347d000 JavaThread "Signal Dispatcher" daemon [_thread_blocked, id=6032, stack(0x00000000148d0000,0x00000000149d0000)]
  0x000000000308d800 JavaThread "Finalizer" daemon [_thread_blocked, id=7488, stack(0x00000000146d0000,0x00000000147d0000)]
  0x0000000003082000 JavaThread "Reference Handler" daemon [_thread_blocked, id=10724, stack(0x00000000145d0000,0x00000000146d0000)]
  0x0000000002e5e000 JavaThread "main" [_thread_in_Java, id=12584, stack(0x0000000002e80000,0x0000000002f80000)]

Other Threads:
  0x0000000013447000 VMThread [stack: 0x00000000144d0000,0x00000000145d0000] [id=1720]
  0x0000000014dfb000 WatcherThread [stack: 0x00000000152d0000,0x00000000153d0000] [id=6236]

VM state:not at safepoint (normal execution)

VM Mutex/Monitor currently owned by a thread: None

Heap:
 PSYoungGen      total 18944K, used 1641K [0x00000000feb00000, 0x0000000100000000, 0x0000000100000000)
  eden space 16384K, 10% used [0x00000000feb00000,0x00000000fec9a790,0x00000000ffb00000)
  from space 2560K, 0% used [0x00000000ffd80000,0x00000000ffd80000,0x0000000100000000)
  to   space 2560K, 0% used [0x00000000ffb00000,0x00000000ffb00000,0x00000000ffd80000)
 ParOldGen       total 44032K, used 0K [0x00000000fc000000, 0x00000000feb00000, 0x00000000feb00000)
  object space 44032K, 0% used [0x00000000fc000000,0x00000000fc000000,0x00000000feb00000)
 Metaspace       used 3495K, capacity 4652K, committed 4864K, reserved 1056768K
  class space    used 384K, capacity 424K, committed 512K, reserved 1048576K

Card table byte_map: [0x0000000012460000,0x0000000012490000] byte_map_base: 0x0000000011c80000

Marking Bits: (ParMarkBitMap*) 0x000000005bdec720
 Begin Bits: [0x00000000128b0000, 0x00000000129b0000)
 End Bits:   [0x00000000129b0000, 0x0000000012ab0000)

Polling page: 0x0000000001680000

CodeCache: size=245760Kb used=1146Kb max_used=1146Kb free=244613Kb
 bounds [0x00000000030a0000, 0x0000000003310000, 0x00000000120a0000]
 total_blobs=304 nmethods=51 adapters=166
 compilation: enabled

Compilation events (10 events):
Event: 0.096 Thread 0x0000000013486000 nmethod 47 0x00000000031bd050 code [0x00000000031bd1c0, 0x00000000031bd450]
Event: 0.096 Thread 0x0000000013486000   48       3       sun.misc.FDBigInteger::<init> (30 bytes)
Event: 0.096 Thread 0x0000000013486000 nmethod 48 0x00000000031bd710 code [0x00000000031bd880, 0x00000000031bda88]
Event: 0.096 Thread 0x0000000013486000   49       3       sun.misc.FDBigInteger::trimLeadingZeros (57 bytes)
Event: 0.096 Thread 0x0000000013486000 nmethod 49 0x00000000031bdb90 code [0x00000000031bdd00, 0x00000000031be030]
Event: 0.096 Thread 0x0000000013486000   50       3       java.lang.AbstractStringBuilder::newCapacity (39 bytes)
Event: 0.096 Thread 0x0000000013486000 nmethod 50 0x00000000031be150 code [0x00000000031be2e0, 0x00000000031be6c8]
Event: 0.097 Thread 0x0000000013486000   51       3       java.lang.AbstractStringBuilder::<init> (12 bytes)
Event: 0.097 Thread 0x0000000013486000 nmethod 51 0x00000000031be810 code [0x00000000031be980, 0x00000000031bebd0]
Event: 0.097 Thread 0x0000000013486000   52       3       java.util.HashMap::putVal (300 bytes)

GC Heap History (0 events):
No events

Deoptimization events (0 events):
No events

Internal exceptions (2 events):
Event: 0.024 Thread 0x0000000002e5e000 Exception <a 'java/lang/NoSuchMethodError': Method sun.misc.Unsafe.defineClass(Ljava/lang/String;[BII)Ljava/lang/Class; name or signature does not match> (0x00000000feb07ca8) thrown at [C:\re\workspace\8-2-build-windows-amd64-cygwin\jdk8u131\8869\hotspot\
Event: 0.024 Thread 0x0000000002e5e000 Exception <a 'java/lang/NoSuchMethodError': Method sun.misc.Unsafe.prefetchRead(Ljava/lang/Object;J)V name or signature does not match> (0x00000000feb07f90) thrown at [C:\re\workspace\8-2-build-windows-amd64-cygwin\jdk8u131\8869\hotspot\src\share\vm\prims

Events (10 events):
Event: 0.097 loading class sun/security/provider/NativePRNG$NonBlocking
Event: 0.097 loading class sun/security/provider/NativePRNG$NonBlocking done
Event: 0.097 loading class java/util/LinkedHashMap$LinkedEntrySet
Event: 0.097 loading class java/util/LinkedHashMap$LinkedEntrySet done
Event: 0.097 loading class java/util/LinkedHashMap$LinkedEntryIterator
Event: 0.097 loading class java/util/LinkedHashMap$LinkedHashIterator
Event: 0.097 loading class java/util/LinkedHashMap$LinkedHashIterator done
Event: 0.097 loading class java/util/LinkedHashMap$LinkedEntryIterator done
Event: 0.097 loading class java/security/Provider$Service
Event: 0.097 loading class java/security/Provider$Service done


Dynamic libraries:
0x00007ff78f230000 - 0x00007ff78f267000 	C:\Java\jdk1.8.0_131\bin\java.exe
0x00007ffb49b80000 - 0x00007ffb49d5b000 	C:\Windows\SYSTEM32\ntdll.dll
0x00007ffb47890000 - 0x00007ffb4793e000 	C:\Windows\System32\KERNEL32.DLL
0x00007ffb46210000 - 0x00007ffb46459000 	C:\Windows\System32\KERNELBASE.dll
0x00007ffb49840000 - 0x00007ffb498e1000 	C:\Windows\System32\ADVAPI32.dll
0x00007ffb49a60000 - 0x00007ffb49afd000 	C:\Windows\System32\msvcrt.dll
0x00007ffb47ce0000 - 0x00007ffb47d39000 	C:\Windows\System32\sechost.dll
0x00007ffb496e0000 - 0x00007ffb49805000 	C:\Windows\System32\RPCRT4.dll
0x00007ffb479a0000 - 0x00007ffb47aea000 	C:\Windows\System32\USER32.dll
0x00007ffb469c0000 - 0x00007ffb469de000 	C:\Windows\System32\win32u.dll
0x00007ffb499b0000 - 0x00007ffb499d7000 	C:\Windows\System32\GDI32.dll
0x00007ffb46630000 - 0x00007ffb467b8000 	C:\Windows\System32\gdi32full.dll
0x00007ffb46110000 - 0x00007ffb461aa000 	C:\Windows\System32\msvcp_win.dll
0x00007ffb468c0000 - 0x00007ffb469b6000 	C:\Windows\System32\ucrtbase.dll
0x00007ffb2e060000 - 0x00007ffb2e2c7000 	C:\Windows\WinSxS\amd64_microsoft.windows.common-controls_6595b64144ccf1df_6.0.15063.483_none_26002d27e7c744a2\COMCTL32.dll
0x00007ffb473e0000 - 0x00007ffb476d9000 	C:\Windows\System32\combase.dll
0x00007ffb460a0000 - 0x00007ffb4610a000 	C:\Windows\System32\bcryptPrimitives.dll
0x00007ffb49810000 - 0x00007ffb4983d000 	C:\Windows\System32\IMM32.DLL
0x000000005e3a0000 - 0x000000005e472000 	C:\Java\jdk1.8.0_131\jre\bin\msvcr100.dll
0x000000005b5d0000 - 0x000000005be6c000 	C:\Java\jdk1.8.0_131\jre\bin\server\jvm.dll
0x00007ffb49b70000 - 0x00007ffb49b78000 	C:\Windows\System32\PSAPI.DLL
0x00007ffb313a0000 - 0x00007ffb313a9000 	C:\Windows\SYSTEM32\WSOCK32.dll
0x00007ffb2bd50000 - 0x00007ffb2bd73000 	C:\Windows\SYSTEM32\WINMM.dll
0x00007ffb47d40000 - 0x00007ffb47dac000 	C:\Windows\System32\WS2_32.dll
0x00007ffb44420000 - 0x00007ffb4442a000 	C:\Windows\SYSTEM32\VERSION.dll
0x00007ffb2bcf0000 - 0x00007ffb2bd1b000 	C:\Windows\SYSTEM32\WINMMBASE.dll
0x00007ffb46870000 - 0x00007ffb468b9000 	C:\Windows\System32\cfgmgr32.dll
0x000000005e390000 - 0x000000005e39f000 	C:\Java\jdk1.8.0_131\jre\bin\verify.dll
0x000000005e360000 - 0x000000005e389000 	C:\Java\jdk1.8.0_131\jre\bin\java.dll
0x000000005e340000 - 0x000000005e356000 	C:\Java\jdk1.8.0_131\jre\bin\zip.dll
0x00007ffb47db0000 - 0x00007ffb491e7000 	C:\Windows\System32\SHELL32.dll
0x00007ffb49630000 - 0x00007ffb496da000 	C:\Windows\System32\shcore.dll
0x00007ffb469e0000 - 0x00007ffb470d2000 	C:\Windows\System32\windows.storage.dll
0x00007ffb47940000 - 0x00007ffb47991000 	C:\Windows\System32\shlwapi.dll
0x00007ffb46080000 - 0x00007ffb46091000 	C:\Windows\System32\kernel.appcore.dll
0x00007ffb46010000 - 0x00007ffb4605c000 	C:\Windows\System32\powrprof.dll
0x00007ffb46060000 - 0x00007ffb46075000 	C:\Windows\System32\profapi.dll

VM Arguments:
jvm_args: -Djava.awt.headless=true -Xmx64M -Dfile.encoding=windows-1251 -Duser.country=RU -Duser.language=ru -Duser.variant 
java_command: com.google.devtools.build.android.desugar.Desugar --input C:\Learning\Java\Projects\OpenChess\android\build\intermediates\classes\debug --output C:\Learning\Java\Projects\OpenChess\android\build\intermediates\transforms\desugar\debug\9 --classpath_entry C:\Users\ourTu\.m2\repository\Tavei\Tavlei-Library\1.0\Tavlei-Library-1.0.jar --classpath_entry C:\Users\ourTu\.m2\repository\org\aspectj\aspectjrt\1.8.10\aspectjrt-1.8.10.jar --classpath_entry C:\Users\ourTu\.m2\repository\com\google\code\findbugs\annotations\2.0.1\annotations-2.0.1.jar --classpath_entry C:\Users\ourTu\.m2\repository\org\apache\logging\log4j\log4j-core\2.8.2\log4j-core-2.8.2.jar --classpath_entry C:\Users\ourTu\.gradle\caches\modules-2\files-2.1\com.badlogicgames.gdx\gdx-backend-android\1.9.6\57c2831c870743712b808384187ea856e541878f\gdx-backend-android-1.9.6.jar --classpath_entry C:\Users\ourTu\.m2\repository\org\slf4j\slf4j-api\1.7.25\slf4j-api-1.7.25.jar --classpath_entry C:\Users\ourTu\.m2\repository\org\apache\logging\log4j\log4j-api\2.8.2\log4j-api-2.8.2.jar --classpath_entry C:\Users\ourTu\.gradle\caches\modules-2\files-2.1\com.badlogicgames.gdx\gdx\1.9.6\47d1e9b890e364ec28f128e9bb3b9a12a94c164\gdx-1.9.6.jar --classpath_entry C:\Learning\Java\Projects\OpenChess\core\build\libs\core-1.0.jar --classpath_entry C:\Learning\Java\Projects\OpenChess\android\build\intermediates\classes\debug --bootclasspath_entry C:\Users\ourTu\AppData\Local\Android\Sdk\platforms\android-26\android.jar --bootclasspath_entry C:\Users\ourTu\AppData\Local\Android\Sdk\platforms\android-26\optional\org.apache.http.legacy.jar --bootclasspath_entry C:\Java\jdk1.8.0_131\jre\lib\resources.jar --bootclasspath_entry C:\Java\jdk1.8.0_131\jre\lib\rt.jar --bootclasspath_entry C:\Java\jdk1.8.0_131\jre\lib\jsse.jar --bootclasspath_entry C:\Java\jdk1.8.0_131\jre\lib\jce.jar --bootclasspath_entry C:\Java\jdk1.8.0_131\jre\lib\charsets.jar --bootclasspath_entry C:\Java\jdk1.8.0_131\jre\lib\jfr.jar --min_sdk_version 24
java_class_path (initial): C:\Learning\Java\Projects\OpenChess\android\build\intermediates\processing-tools\java8-lang-support\desugar.jar
Launcher Type: SUN_STANDARD

Environment Variables:
JAVA_HOME=C:\Java\jre1.8.0_131
CLASSPATH=c:\Java\aspectj1.8\lib\aspectjrt.jar
PATH=C:\Oracle\product\12.1.0\dbhome_1\bin;C:\ProgramData\Oracle\Java\javapath;C:\Windows\system32;C:\Windows;C:\Windows\System32\Wbem;C:\Windows\System32\WindowsPowerShell\v1.0\;C:\Program Files (x86)\NVIDIA Corporation\PhysX\Common;C:\Program Files (x86)\Skype\Phone\;c:\Java\aspectj1.8\bin;E:\Program Files\em;C:\Java\gradle-4.0\bin;C:\Java\jdk1.8.0_131\bin;C:\Program Files\Git\cmd;E:\Program Files\TortoiseSVN\bin;C:\Program Files\Git LFS;C:\Program Files (x86)\GtkSharp\2.12\bin;C:\Users\ourTu\AppData\Local\Microsoft\WindowsApps;C:\Users\ourTu\AppData\Local\GitHubDesktop\bin
USERNAME=Irina
OS=Windows_NT
PROCESSOR_IDENTIFIER=Intel64 Family 6 Model 60 Stepping 3, GenuineIntel



---------------  S Y S T E M  ---------------

OS: Windows 10.0 , 64 bit Build 15063 (10.0.15063.296)

CPU:total 4 (initial active 4) (4 cores per cpu, 1 threads per core) family 6 model 60 stepping 3, cmov, cx8, fxsr, mmx, sse, sse2, sse3, ssse3, sse4.1, sse4.2, popcnt, avx, avx2, aes, clmul, erms, lzcnt, tsc, tscinvbit, bmi1, bmi2

Memory: 4k page, physical 8326596k(793476k free), swap 12471748k(3932k free)

vm_info: Java HotSpot(TM) 64-Bit Server VM (25.131-b11) for windows-amd64 JRE (1.8.0_131-b11), built on Mar 15 2017 01:23:53 by "java_re" with MS VC++ 10.0 (VS2010)

time: Mon Jul 31 13:41:08 2017
elapsed time: 0 seconds (0d 0h 0m 0s)

